11:19:19.967 [main] INFO  sqltiming - select * from tbl_member where id = 'test'
 {executed in 7 msec}
11:19:19.991 [main] INFO  resultsettable - 
|---|-----|-----|-----|---------|--------------------|
|no |id   |pw   |name |email    |regdate             |
|---|-----|-----|-----|---------|--------------------|
|1  |test |1234 |test |testmail |2025-06-11 18:18:22 |
|---|-----|-----|-----|---------|--------------------|

11:19:20.008 [main] INFO  MemberService - Member(no=1, id=test, pw=1234, name=test, email=testmail, regdate=2025-06-11 18:18:22)
11:19:20.015 [main] INFO  MemberService - 10포맷 형식23
11:52:46.384 [main] INFO  sqltiming - insert into tbl_member(id, pw, name, email) values ('test', '$2a$10$pI3bgj8pq.9DXjFTGG.hb.NFqrIP6wwgIkuHAjsy.Xr63jkvhcL8m', 'test', 'test@mail.com')
 {executed in 7 msec}
12:08:58.093 [main] INFO  sqltiming - select * from tbl_member where id = 'test'
 {executed in 8 msec}
12:08:58.119 [main] INFO  resultsettable - 
|---|-----|-------------------------------------------------------------|-----|--------------|--------------------|
|no |id   |pw                                                           |name |email         |regdate             |
|---|-----|-------------------------------------------------------------|-----|--------------|--------------------|
|2  |test |$2a$10$pI3bgj8pq.9DXjFTGG.hb.NFqrIP6wwgIkuHAjsy.Xr63jkvhcL8m |test |test@mail.com |2025-06-12 11:52:46 |
|---|-----|-------------------------------------------------------------|-----|--------------|--------------------|

12:09:29.854 [main] INFO  sqltiming - select * from tbl_member where id = 'test'
 {executed in 8 msec}
12:09:29.875 [main] INFO  resultsettable - 
|---|-----|-------------------------------------------------------------|-----|--------------|--------------------|
|no |id   |pw                                                           |name |email         |regdate             |
|---|-----|-------------------------------------------------------------|-----|--------------|--------------------|
|2  |test |$2a$10$pI3bgj8pq.9DXjFTGG.hb.NFqrIP6wwgIkuHAjsy.Xr63jkvhcL8m |test |test@mail.com |2025-06-12 11:52:46 |
|---|-----|-------------------------------------------------------------|-----|--------------|--------------------|

12:14:24.842 [main] INFO  sqltiming - select * from tbl_member where id = 'test'
 {executed in 7 msec}
12:14:24.867 [main] INFO  resultsettable - 
|---|-----|-------------------------------------------------------------|-----|--------------|--------------------|
|no |id   |pw                                                           |name |email         |regdate             |
|---|-----|-------------------------------------------------------------|-----|--------------|--------------------|
|2  |test |$2a$10$pI3bgj8pq.9DXjFTGG.hb.NFqrIP6wwgIkuHAjsy.Xr63jkvhcL8m |test |test@mail.com |2025-06-12 11:52:46 |
|---|-----|-------------------------------------------------------------|-----|--------------|--------------------|

12:16:10.740 [main] INFO  sqltiming - select * from tbl_member where id = 'test'
 {executed in 8 msec}
12:16:10.761 [main] INFO  resultsettable - 
|---|-----|-------------------------------------------------------------|-----|--------------|--------------------|
|no |id   |pw                                                           |name |email         |regdate             |
|---|-----|-------------------------------------------------------------|-----|--------------|--------------------|
|2  |test |$2a$10$pI3bgj8pq.9DXjFTGG.hb.NFqrIP6wwgIkuHAjsy.Xr63jkvhcL8m |test |test@mail.com |2025-06-12 11:52:46 |
|---|-----|-------------------------------------------------------------|-----|--------------|--------------------|

12:16:10.941 [main] INFO  MemberService - true
12:16:10.947 [main] INFO  sqltiming - select * from tbl_member where id = 'test'
 {executed in 4 msec}
12:16:10.950 [main] INFO  resultsettable - 
|---|-----|-------------------------------------------------------------|-----|--------------|--------------------|
|no |id   |pw                                                           |name |email         |regdate             |
|---|-----|-------------------------------------------------------------|-----|--------------|--------------------|
|2  |test |$2a$10$pI3bgj8pq.9DXjFTGG.hb.NFqrIP6wwgIkuHAjsy.Xr63jkvhcL8m |test |test@mail.com |2025-06-12 11:52:46 |
|---|-----|-------------------------------------------------------------|-----|--------------|--------------------|

12:16:11.026 [main] INFO  MemberService - false
